{
  "RSpec": {
    "coverage": {
      "/Users/tamara/tad_code.nosync/a_new_beginning/ruby_projects/artisan_marketplace/app/helpers/admins_helper.rb": {
        "lines": [
          1,
          null
        ]
      },
      "/Users/tamara/tad_code.nosync/a_new_beginning/ruby_projects/artisan_marketplace/app/helpers/application_helper.rb": {
        "lines": [
          1,
          null
        ]
      },
      "/Users/tamara/tad_code.nosync/a_new_beginning/ruby_projects/artisan_marketplace/app/helpers/artisans_helper.rb": {
        "lines": [
          1,
          null
        ]
      },
      "/Users/tamara/tad_code.nosync/a_new_beginning/ruby_projects/artisan_marketplace/app/helpers/customers_helper.rb": {
        "lines": [
          1,
          null
        ]
      },
      "/Users/tamara/tad_code.nosync/a_new_beginning/ruby_projects/artisan_marketplace/app/helpers/invoice_items_helper.rb": {
        "lines": [
          1,
          null
        ]
      },
      "/Users/tamara/tad_code.nosync/a_new_beginning/ruby_projects/artisan_marketplace/app/helpers/invoices_helper.rb": {
        "lines": [
          1,
          null
        ]
      },
      "/Users/tamara/tad_code.nosync/a_new_beginning/ruby_projects/artisan_marketplace/app/helpers/products_helper.rb": {
        "lines": [
          1,
          null
        ]
      },
      "/Users/tamara/tad_code.nosync/a_new_beginning/ruby_projects/artisan_marketplace/app/helpers/reviews_helper.rb": {
        "lines": [
          1,
          null
        ]
      },
      "/Users/tamara/tad_code.nosync/a_new_beginning/ruby_projects/artisan_marketplace/app/helpers/transactions_helper.rb": {
        "lines": [
          1,
          null
        ]
      },
      "/Users/tamara/tad_code.nosync/a_new_beginning/ruby_projects/artisan_marketplace/app/models/admin.rb": {
        "lines": [
          1,
          1,
          1,
          null,
          1,
          null,
          null
        ]
      },
      "/Users/tamara/tad_code.nosync/a_new_beginning/ruby_projects/artisan_marketplace/app/models/application_record.rb": {
        "lines": [
          1,
          1,
          null
        ]
      },
      "/Users/tamara/tad_code.nosync/a_new_beginning/ruby_projects/artisan_marketplace/app/models/artisan.rb": {
        "lines": [
          1,
          1,
          null,
          1,
          1,
          null,
          1,
          1,
          null,
          null
        ]
      },
      "/Users/tamara/tad_code.nosync/a_new_beginning/ruby_projects/artisan_marketplace/app/models/product.rb": {
        "lines": [
          1,
          1,
          1,
          1,
          1,
          null,
          1,
          1,
          1,
          null
        ]
      },
      "/Users/tamara/tad_code.nosync/a_new_beginning/ruby_projects/artisan_marketplace/app/channels/application_cable/channel.rb": {
        "lines": [
          0,
          0,
          0,
          0
        ],
        "branches": {}
      },
      "/Users/tamara/tad_code.nosync/a_new_beginning/ruby_projects/artisan_marketplace/app/channels/application_cable/connection.rb": {
        "lines": [
          0,
          0,
          0,
          0
        ],
        "branches": {}
      },
      "/Users/tamara/tad_code.nosync/a_new_beginning/ruby_projects/artisan_marketplace/app/controllers/admins_controller.rb": {
        "lines": [
          0,
          0,
          null,
          null,
          0,
          0,
          0,
          null,
          null,
          0,
          null,
          null,
          0,
          0,
          0,
          null,
          null,
          0,
          null,
          null,
          0,
          0,
          null,
          0,
          0,
          0,
          0,
          0,
          0,
          0,
          0,
          0,
          0,
          null,
          null,
          0,
          0,
          0,
          0,
          0,
          0,
          0,
          0,
          0,
          0,
          0,
          null,
          null,
          0,
          0,
          null,
          0,
          0,
          0,
          0,
          0,
          null,
          0,
          null,
          null,
          0,
          0,
          0,
          null,
          null,
          0,
          0,
          0,
          0
        ],
        "branches": {}
      },
      "/Users/tamara/tad_code.nosync/a_new_beginning/ruby_projects/artisan_marketplace/app/controllers/application_controller.rb": {
        "lines": [
          0,
          0
        ],
        "branches": {}
      },
      "/Users/tamara/tad_code.nosync/a_new_beginning/ruby_projects/artisan_marketplace/app/controllers/artisans_controller.rb": {
        "lines": [
          0,
          0,
          null,
          null,
          0,
          0,
          0,
          null,
          null,
          0,
          null,
          null,
          0,
          0,
          0,
          null,
          null,
          0,
          null,
          null,
          0,
          0,
          null,
          0,
          0,
          0,
          0,
          0,
          0,
          0,
          0,
          0,
          0,
          null,
          null,
          0,
          0,
          0,
          0,
          0,
          0,
          0,
          0,
          0,
          0,
          0,
          null,
          null,
          0,
          0,
          null,
          0,
          0,
          0,
          0,
          0,
          null,
          0,
          null,
          null,
          0,
          0,
          0,
          null,
          null,
          0,
          0,
          0,
          0
        ],
        "branches": {}
      },
      "/Users/tamara/tad_code.nosync/a_new_beginning/ruby_projects/artisan_marketplace/app/controllers/customers_controller.rb": {
        "lines": [
          0,
          0,
          null,
          null,
          0,
          0,
          0,
          null,
          null,
          0,
          null,
          null,
          0,
          0,
          0,
          null,
          null,
          0,
          null,
          null,
          0,
          0,
          null,
          0,
          0,
          0,
          0,
          0,
          0,
          0,
          0,
          0,
          0,
          null,
          null,
          0,
          0,
          0,
          0,
          0,
          0,
          0,
          0,
          0,
          0,
          0,
          null,
          null,
          0,
          0,
          null,
          0,
          0,
          0,
          0,
          0,
          null,
          0,
          null,
          null,
          0,
          0,
          0,
          null,
          null,
          0,
          0,
          0,
          0
        ],
        "branches": {}
      },
      "/Users/tamara/tad_code.nosync/a_new_beginning/ruby_projects/artisan_marketplace/app/controllers/invoice_items_controller.rb": {
        "lines": [
          0,
          0,
          null,
          null,
          0,
          0,
          0,
          null,
          null,
          0,
          null,
          null,
          0,
          0,
          0,
          null,
          null,
          0,
          null,
          null,
          0,
          0,
          null,
          0,
          0,
          0,
          0,
          0,
          0,
          0,
          0,
          0,
          0,
          null,
          null,
          0,
          0,
          0,
          0,
          0,
          0,
          0,
          0,
          0,
          0,
          0,
          null,
          null,
          0,
          0,
          null,
          0,
          0,
          0,
          0,
          0,
          0,
          0,
          null,
          0,
          null,
          null,
          0,
          0,
          0,
          null,
          null,
          0,
          0,
          0,
          0
        ],
        "branches": {}
      },
      "/Users/tamara/tad_code.nosync/a_new_beginning/ruby_projects/artisan_marketplace/app/controllers/invoices_controller.rb": {
        "lines": [
          0,
          0,
          null,
          null,
          0,
          0,
          0,
          null,
          null,
          0,
          null,
          null,
          0,
          0,
          0,
          null,
          null,
          0,
          null,
          null,
          0,
          0,
          null,
          0,
          0,
          0,
          0,
          0,
          0,
          0,
          0,
          0,
          0,
          null,
          null,
          0,
          0,
          0,
          0,
          0,
          0,
          0,
          0,
          0,
          0,
          0,
          null,
          null,
          0,
          0,
          null,
          0,
          0,
          0,
          0,
          0,
          null,
          0,
          null,
          null,
          0,
          0,
          0,
          null,
          null,
          0,
          0,
          0,
          0
        ],
        "branches": {}
      },
      "/Users/tamara/tad_code.nosync/a_new_beginning/ruby_projects/artisan_marketplace/app/controllers/products_controller.rb": {
        "lines": [
          0,
          0,
          null,
          null,
          0,
          0,
          0,
          null,
          null,
          0,
          null,
          null,
          0,
          0,
          0,
          null,
          null,
          0,
          null,
          null,
          0,
          0,
          null,
          0,
          0,
          0,
          0,
          0,
          0,
          0,
          0,
          0,
          0,
          null,
          null,
          0,
          0,
          0,
          0,
          0,
          0,
          0,
          0,
          0,
          0,
          0,
          null,
          null,
          0,
          0,
          null,
          0,
          0,
          0,
          0,
          0,
          null,
          0,
          null,
          null,
          0,
          0,
          0,
          null,
          null,
          0,
          0,
          0,
          0
        ],
        "branches": {}
      },
      "/Users/tamara/tad_code.nosync/a_new_beginning/ruby_projects/artisan_marketplace/app/controllers/reviews_controller.rb": {
        "lines": [
          0,
          0,
          null,
          null,
          0,
          0,
          0,
          null,
          null,
          0,
          null,
          null,
          0,
          0,
          0,
          null,
          null,
          0,
          null,
          null,
          0,
          0,
          null,
          0,
          0,
          0,
          0,
          0,
          0,
          0,
          0,
          0,
          0,
          null,
          null,
          0,
          0,
          0,
          0,
          0,
          0,
          0,
          0,
          0,
          0,
          0,
          null,
          null,
          0,
          0,
          null,
          0,
          0,
          0,
          0,
          0,
          null,
          0,
          null,
          null,
          0,
          0,
          0,
          null,
          null,
          0,
          0,
          0,
          0
        ],
        "branches": {}
      },
      "/Users/tamara/tad_code.nosync/a_new_beginning/ruby_projects/artisan_marketplace/app/controllers/transactions_controller.rb": {
        "lines": [
          0,
          0,
          null,
          null,
          0,
          0,
          0,
          null,
          null,
          0,
          null,
          null,
          0,
          0,
          0,
          null,
          null,
          0,
          null,
          null,
          0,
          0,
          null,
          0,
          0,
          0,
          0,
          0,
          0,
          0,
          0,
          0,
          0,
          null,
          null,
          0,
          0,
          0,
          0,
          0,
          0,
          0,
          0,
          0,
          0,
          0,
          null,
          null,
          0,
          0,
          null,
          0,
          0,
          0,
          0,
          0,
          0,
          0,
          null,
          0,
          null,
          null,
          0,
          0,
          0,
          null,
          null,
          0,
          0,
          0,
          0
        ],
        "branches": {}
      },
      "/Users/tamara/tad_code.nosync/a_new_beginning/ruby_projects/artisan_marketplace/app/jobs/application_job.rb": {
        "lines": [
          0,
          null,
          null,
          null,
          null,
          null,
          0
        ],
        "branches": {}
      },
      "/Users/tamara/tad_code.nosync/a_new_beginning/ruby_projects/artisan_marketplace/app/mailers/application_mailer.rb": {
        "lines": [
          0,
          0,
          0,
          0
        ],
        "branches": {}
      },
      "/Users/tamara/tad_code.nosync/a_new_beginning/ruby_projects/artisan_marketplace/app/models/customer.rb": {
        "lines": [
          0,
          0,
          0,
          null,
          0,
          0,
          0,
          0
        ],
        "branches": {}
      },
      "/Users/tamara/tad_code.nosync/a_new_beginning/ruby_projects/artisan_marketplace/app/models/invoice.rb": {
        "lines": [
          0,
          0,
          0,
          0,
          0,
          null,
          0,
          null,
          0,
          0
        ],
        "branches": {}
      },
      "/Users/tamara/tad_code.nosync/a_new_beginning/ruby_projects/artisan_marketplace/app/models/invoice_item.rb": {
        "lines": [
          0,
          0,
          0,
          null,
          0,
          null,
          0,
          0
        ],
        "branches": {}
      },
      "/Users/tamara/tad_code.nosync/a_new_beginning/ruby_projects/artisan_marketplace/app/models/review.rb": {
        "lines": [
          0,
          0,
          0,
          null,
          0,
          0,
          0
        ],
        "branches": {}
      },
      "/Users/tamara/tad_code.nosync/a_new_beginning/ruby_projects/artisan_marketplace/app/models/transaction.rb": {
        "lines": [
          0,
          0,
          null,
          0,
          0,
          null,
          0,
          0,
          0,
          0,
          0,
          null,
          0,
          null,
          0,
          0,
          null,
          0,
          0,
          0,
          0,
          0,
          0,
          null,
          0,
          0,
          0
        ],
        "branches": {}
      }
    },
    "timestamp": 1735159932
  }
}
